QuestaSim vlog 10.6c Compiler 2017.07 Jul 25 2017
Start time: 10:01:45 on Dec 03,2025
vlog -sv "+acc" "+cover" "+fcover" -l apb_master.log testbench.sv 
** Note: (vlog-2286) testbench.sv(2): Using implicit +incdir+/tools/mentor/questasim_10.6c/questasim/uvm-1.1d/../verilog_src/uvm-1.1d/src from import uvm_pkg
-- Compiling package uvm_pkg (uvm-1.1d Built-in)
-- Compiling package apb_master_pkg
-- Importing package uvm_pkg (uvm-1.1d Built-in)
** Warning: ** while parsing file included at testbench.sv(4)
** at apb_master_driver.sv(69): (vlog-2239) Treating stand-alone use of presumed external function as an implicit VOID cast.
-- Compiling interface apb_if
-- Compiling module apb_master
-- Compiling package testbench_sv_unit
-- Importing package uvm_pkg (uvm-1.1d Built-in)
-- Importing package apb_master_pkg
-- Compiling module top
** Warning: (vlog-2292) An included file is associated with a closed UVM package, but no closed UVM package was imported

Top level modules:
	top
End time: 10:01:46 on Dec 03,2025, Elapsed time: 0:00:01
Errors: 0, Warnings: 2
